
Running tests... 
----------------------------------------------------------------------
 test1_Loginpage (POM_webdriver_bdd.POM_webtests.Logintest.LogInpagetest) ... OK (28.087000)s
 test2_Invalidlogin (POM_webdriver_bdd.POM_webtests.Logintest.LogInpagetest) ... OK (13.928000)s
 test1_adminmenu (POM_webdriver_bdd.POM_webtests.Adminpagetest.Adminpagetest) ... SKIP (0.000000)s
 test2_adminusersearch (POM_webdriver_bdd.POM_webtests.Adminpagetest.Adminpagetest) ... expected failure
 test3_Qulification_adds (POM_webdriver_bdd.POM_webtests.Adminpagetest.Adminpagetest) ... ERROR (34.985000)s
 test4_admin_allsubmenu_navigations (POM_webdriver_bdd.POM_webtests.Adminpagetest.Adminpagetest) ... ERROR (28.301000)s
 test5_admin_submenu_navigations (POM_webdriver_bdd.POM_webtests.Adminpagetest.Adminpagetest) ... ERROR (27.626000)s
 test6_admin_job_category_add (POM_webdriver_bdd.POM_webtests.Adminpagetest.Adminpagetest) ... ERROR (27.591000)s
 test1_performancemenu (POM_webdriver_bdd.POM_webtests.Performance_kpi_test.PerformaceKPItest) ... SKIP (0.000000)s
 test2_performancemenu_kpi (POM_webdriver_bdd.POM_webtests.Performance_kpi_test.PerformaceKPItest) ... OK (200.423000)s
 test3_performancemenu_kpi (POM_webdriver_bdd.POM_webtests.Performance_kpi_test.PerformaceKPItest) ... OK (190.383000)s
 test4_performance_required_field (POM_webdriver_bdd.POM_webtests.Performance_kpi_test.PerformaceKPItest) ... OK (34.616000)s
 test5_performance_required_field (POM_webdriver_bdd.POM_webtests.Performance_kpi_test.PerformaceKPItest) ... OK (46.446000)s
 test6_performance_required_invalid_field (POM_webdriver_bdd.POM_webtests.Performance_kpi_test.PerformaceKPItest) ... OK (77.279000)s
 test1_Loginpage (POM_webdriver_bdd.POM_webtests.eventfiringlogintest.LogInpageEventFiringtest) ... ERROR (42.101000)s
 test2_Invalidlogin (POM_webdriver_bdd.POM_webtests.eventfiringlogintest.LogInpageEventFiringtest) ... ERROR (20.011000)s

======================================================================
ERROR [34.985000s]: POM_webdriver_bdd.POM_webtests.Adminpagetest.Adminpagetest.test3_Qulification_adds
----------------------------------------------------------------------
Traceback (most recent call last):
  File "C:\Users\NOORSHAVALI\eclipse-workspace\HelloPythonWorld\POM_webdriver_bdd\POM_webtests\Adminpagetest.py", line 170, in test3_Qulification_adds
    adminpage.click_adminmenu()
  File "C:\Users\NOORSHAVALI\eclipse-workspace\HelloPythonWorld\POM_webdriver_bdd\POM_webpages\AdminSearchpage.py", line 28, in click_adminmenu
    WebDriverWait(self.driver,WaitTime).until(lambda driver: driver.find_element(*MH.lOGOUT_ID))
  File "C:\Python27\lib\site-packages\selenium\webdriver\support\wait.py", line 80, in until
    raise TimeoutException(message, screen, stacktrace)
TimeoutException: Message: 


======================================================================
ERROR [28.301000s]: POM_webdriver_bdd.POM_webtests.Adminpagetest.Adminpagetest.test4_admin_allsubmenu_navigations
----------------------------------------------------------------------
Traceback (most recent call last):
  File "C:\Users\NOORSHAVALI\eclipse-workspace\HelloPythonWorld\POM_webdriver_bdd\POM_webtests\Adminpagetest.py", line 196, in test4_admin_allsubmenu_navigations
    adminpage.click_adminmenu()
  File "C:\Users\NOORSHAVALI\eclipse-workspace\HelloPythonWorld\POM_webdriver_bdd\POM_webpages\AdminSearchpage.py", line 28, in click_adminmenu
    WebDriverWait(self.driver,WaitTime).until(lambda driver: driver.find_element(*MH.lOGOUT_ID))
  File "C:\Python27\lib\site-packages\selenium\webdriver\support\wait.py", line 80, in until
    raise TimeoutException(message, screen, stacktrace)
TimeoutException: Message: 


======================================================================
ERROR [27.626000s]: POM_webdriver_bdd.POM_webtests.Adminpagetest.Adminpagetest.test5_admin_submenu_navigations
----------------------------------------------------------------------
Traceback (most recent call last):
  File "C:\Users\NOORSHAVALI\eclipse-workspace\HelloPythonWorld\POM_webdriver_bdd\POM_webtests\Adminpagetest.py", line 225, in test5_admin_submenu_navigations
    adminpage.click_adminmenu()
  File "C:\Users\NOORSHAVALI\eclipse-workspace\HelloPythonWorld\POM_webdriver_bdd\POM_webpages\AdminSearchpage.py", line 28, in click_adminmenu
    WebDriverWait(self.driver,WaitTime).until(lambda driver: driver.find_element(*MH.lOGOUT_ID))
  File "C:\Python27\lib\site-packages\selenium\webdriver\support\wait.py", line 80, in until
    raise TimeoutException(message, screen, stacktrace)
TimeoutException: Message: 


======================================================================
ERROR [27.591000s]: POM_webdriver_bdd.POM_webtests.Adminpagetest.Adminpagetest.test6_admin_job_category_add
----------------------------------------------------------------------
Traceback (most recent call last):
  File "C:\Users\NOORSHAVALI\eclipse-workspace\HelloPythonWorld\POM_webdriver_bdd\POM_webtests\Adminpagetest.py", line 253, in test6_admin_job_category_add
    adminpage.click_adminmenu()
  File "C:\Users\NOORSHAVALI\eclipse-workspace\HelloPythonWorld\POM_webdriver_bdd\POM_webpages\AdminSearchpage.py", line 28, in click_adminmenu
    WebDriverWait(self.driver,WaitTime).until(lambda driver: driver.find_element(*MH.lOGOUT_ID))
  File "C:\Python27\lib\site-packages\selenium\webdriver\support\wait.py", line 80, in until
    raise TimeoutException(message, screen, stacktrace)
TimeoutException: Message: 


======================================================================
ERROR [42.101000s]: POM_webdriver_bdd.POM_webtests.eventfiringlogintest.LogInpageEventFiringtest.test1_Loginpage
----------------------------------------------------------------------
Traceback (most recent call last):
  File "C:\Users\NOORSHAVALI\eclipse-workspace\HelloPythonWorld\POM_webdriver_bdd\POM_webtests\eventfiringlogintest.py", line 129, in test1_Loginpage
    self.driver.get_screenshot_as_file(failedtestscreen)
  File "C:\Python27\lib\site-packages\selenium\webdriver\support\event_firing_webdriver.py", line 192, in _wrap
    result = attrib(*args, **kwargs)
  File "C:\Python27\lib\site-packages\selenium\webdriver\remote\webdriver.py", line 1032, in get_screenshot_as_file
    png = self.get_screenshot_as_png()
  File "C:\Python27\lib\site-packages\selenium\webdriver\remote\webdriver.py", line 1064, in get_screenshot_as_png
    return base64.b64decode(self.get_screenshot_as_base64().encode('ascii'))
  File "C:\Python27\lib\site-packages\selenium\webdriver\remote\webdriver.py", line 1074, in get_screenshot_as_base64
    return self.execute(Command.SCREENSHOT)['value']
  File "C:\Python27\lib\site-packages\selenium\webdriver\remote\webdriver.py", line 321, in execute
    self.error_handler.check_response(response)
  File "C:\Python27\lib\site-packages\selenium\webdriver\remote\errorhandler.py", line 242, in check_response
    raise exception_class(message, screen, stacktrace)
TimeoutException: Message: timeout
  (Session info: chrome=83.0.4103.116)
  (Driver info: chromedriver=2.40.565498 (ea082db3280dd6843ebfb08a625e3eb905c4f5ab),platform=Windows NT 6.2.9200 x86_64)


======================================================================
ERROR [20.011000s]: POM_webdriver_bdd.POM_webtests.eventfiringlogintest.LogInpageEventFiringtest.test2_Invalidlogin
----------------------------------------------------------------------
Traceback (most recent call last):
  File "C:\Users\NOORSHAVALI\eclipse-workspace\HelloPythonWorld\POM_webdriver_bdd\POM_webtests\eventfiringlogintest.py", line 164, in test2_Invalidlogin
    self.driver.get((LogInpageEventFiringtest.get_url('URL')))
  File "C:\Python27\lib\site-packages\selenium\webdriver\support\event_firing_webdriver.py", line 78, in get
    self._dispatch("navigate_to", (url, self._driver), "get", (url, ))
  File "C:\Python27\lib\site-packages\selenium\webdriver\support\event_firing_webdriver.py", line 160, in _dispatch
    raise e
TimeoutException: Message: timeout
  (Session info: chrome=83.0.4103.116)
  (Driver info: chromedriver=2.40.565498 (ea082db3280dd6843ebfb08a625e3eb905c4f5ab),platform=Windows NT 6.2.9200 x86_64)


----------------------------------------------------------------------
Ran 16 tests in 0:15:58

FAILED
 (Errors=6, Skipped=2, Expected Failures=1)

Generating HTML reports... 
..\reports1\TestResults_Adminpagetest_PerformaceKPItest_LogInpagetest_LogInpageEventFiringtest_2020-06-30_02-08-08.html
